Arguments: 
  C:\Program Files\node_js_2\node.exe C:\Users\IND\AppData\Roaming\npm\node_modules\yarn\bin\yarn.js install

PATH: 
  C:\Program Files\Common Files\Oracle\Java\javapath;C:\Program Files (x86)\ActiveState Komodo IDE 12\;C:\Windows\system32;C:\Windows;C:\Windows\System32\Wbem;C:\Windows\System32\WindowsPowerShell\v1.0\;C:\Program Files (x86)\NVIDIA Corporation\PhysX\Common;C:\Program Files (x86)\Intel\Intel(R) Management Engine Components\DAL;C:\Program Files\Intel\Intel(R) Management Engine Components\DAL;C:\Program Files\dotnet\;C:\Program Files\Microsoft SQL Server\130\Tools\Binn\;C:\Program Files\Microsoft SQL Server\Client SDK\ODBC\170\Tools\Binn\;C:\Program Files (x86)\Microsoft SQL Server\100\Tools\Binn\;C:\Program Files\Microsoft SQL Server\100\Tools\Binn\;C:\Program Files\Microsoft SQL Server\100\DTS\Binn\;C:\Program Files\MongoDB\Server\4.4\bin;C:\Windows\system32\config\systemprofile\.dnx\bin;C:\Program Files\Microsoft DNX\Dnvm\;C:\Program Files\Microsoft SQL Server\120\Tools\Binn\;C:\Program Files (x86)\Microsoft Emulator Manager\1.0\;C:\wamp1\wampa64\bin\php\php7.3.12;C:\ProgramData\ComposerSetup\bin;C:\Program Files\Git\cmd;C:\Program Files\node_js_2\;C:\Program Files\Java\jdk-17.0.1\bin;C:\Program Files\Android\Android Studio1;C:\Program Files\MySQL\MySQL Shell 8.0\bin\;C:\Users\IND\AppData\Local\Microsoft\WindowsApps;C:\ProgramData\IND\atom\bin;C:\Users\IND\.dotnet\tools;C:\Users\IND\AppData\Roaming\Composer\vendor\bin;C:\MinGW\bin;C:\Users\IND\AppData\Local\GitHubDesktop\bin;C:\Users\IND\AppData\Local\atom\bin;C:\Users\IND\AppData\Local\Programs\Microsoft VS Code\bin;C:\Users\IND\AppData\Roaming\npm;C:\Program Files\heroku\bin;C:\Program Files\Android\Android Studio\jre

Yarn version: 
  1.22.15

Node version: 
  14.18.1

Platform: 
  win32 x64

Trace: 
  SyntaxError: C:\santra developer\mern-project\realtime-pizza-app\package.json: Unexpected token } in JSON at position 1965
      at JSON.parse (<anonymous>)
      at C:\Users\IND\AppData\Roaming\npm\node_modules\yarn\lib\cli.js:1625:59
      at Generator.next (<anonymous>)
      at step (C:\Users\IND\AppData\Roaming\npm\node_modules\yarn\lib\cli.js:310:30)
      at C:\Users\IND\AppData\Roaming\npm\node_modules\yarn\lib\cli.js:321:13

npm manifest: 
  {
      "private": true,
      "babel": {
          "presets": [
              "@babel/preset-env"
          ],
          "plugins": [
              "@babel/plugin-proposal-class-properties"
          ]
      },
      "scripts": {
          "dev": "nodemon server.js",
          "serve": "node server.js",
          "development": "cross-env NODE_ENV=development node_modules/webpack/bin/webpack.js --progress --hide-modules --config=node_modules/laravel-mix/setup/webpack.config.js",
          "watch": "npm run development -- --watch",
          "production": "cross-env NODE_ENV=production node_modules/webpack/bin/webpack.js --no-progress --hide-modules --config=node_modules/laravel-mix/setup/webpack.config.js"
      },
      "dependencies": {
          "@babel/cli": "^7.16.0",
          "@babel/core": "^7.16.0",
          "@babel/node": "^7.16.0",
          "@babel/plugin-proposal-class-properties": "^7.16.0",
          "@babel/preset-env": "^7.16.4",
          "@stripe/stripe-js": "^1.21.2",
          "axios": "^0.24.0",
          "bcrypt": "^5.0.1",
          "body-parser": "^1.19.0",
          "connect-mongo": "^4.6.0",
          "connect-mongodb-session": "^3.1.1",
          "cors": "^2.8.5",
          "cross-env": "^7.0.3",
          "dotenv": "^10.0.0",
          "ejs": "^3.1.6",
          "express": "^4.17.1",
          "express-ejs-layouts": "^2.5.1",
          "express-flash": "^0.0.2",
          "express-session": "^1.17.2",
          "express-validator": "^6.13.0",
          "laravel-mix": "^1.0",
          "moment": "^2.29.1",
          "moment-timezone": "^0.5.34",
          "mongoose": "^6.0.13",
          "noty": "^3.2.0-beta-deprecated",
          "passport": "^0.5.0",
          "passport-facebook": "^3.0.0",
          "passport-google-oauth20": "^2.0.0",
          "passport-local": "^1.0.0",
          "socket.io": "^4.4.0",
          "stripe": "^8.191.0",
          "validator": "^13.7.0"
      },
      "devDependencies": {
          "@babel/plugin-transform-runtime": "^7.16.4",
          "@babel/runtime": "^7.16.3",
  
      }
  }

yarn manifest: 
  No manifest

Lockfile: 
  No lockfile
